# JRE version: OpenJDK Runtime Environment (19.0.1+10) (build 19.0.1+10-21)
# Java VM: OpenJDK 64-Bit Server VM (19.0.1+10-21, mixed mode, emulated-client, sharing, tiered, compressed oops, compressed class ptrs, g1 gc, windows-amd64)
GC Precious Log:
 CardTable entry size: 512
 Card Set container configuration: InlinePtr #cards 5 size 8 Array Of Cards #cards 12 size 40 Howl #buckets 4 coarsen threshold 1843 Howl Bitmap #cards 512 size 80 coarsen threshold 460 Card regions per heap region 1 cards per card region 2048
 CPUs: 12 total, 12 available
 Memory: 14225M
 Large Page Support: Disabled
 NUMA Support: Disabled
 Compressed Oops: Enabled (32-bit)
 Heap Region Size: 1M
 Heap Min Capacity: 8M
 Heap Initial Capacity: 224M
 Heap Max Capacity: 512M
 Pre-touch: Disabled
 Parallel Workers: 10
 Concurrent Workers: 3
 Concurrent Refinement Workers: 10
 Periodic GC: Disabled
Heap:
 garbage-first heap   total 51200K, used 34545K [0x00000000e0000000, 0x0000000100000000)
  region size 1024K, 9 young (9216K), 1 survivors (1024K)
 Metaspace       used 50819K, committed 51584K, reserved 1114112K
  class space    used 6913K, committed 7296K, reserved 1048576K
GC Heap History (20 events):
Event: 2.430 GC heap before
{Heap before GC invocations=8 (full 0):
 garbage-first heap   total 51200K, used 36700K [0x00000000e0000000, 0x0000000100000000)
  region size 1024K, 23 young (23552K), 3 survivors (3072K)
 Metaspace       used 33883K, committed 34496K, reserved 1114112K
  class space    used 4387K, committed 4672K, reserved 1048576K
}
Event: 2.432 GC heap after
{Heap after GC invocations=9 (full 0):
 garbage-first heap   total 51200K, used 19053K [0x00000000e0000000, 0x0000000100000000)
  region size 1024K, 2 young (2048K), 2 survivors (2048K)
 Metaspace       used 33883K, committed 34496K, reserved 1114112K
  class space    used 4387K, committed 4672K, reserved 1048576K
}
Event: 2.532 GC heap before
{Heap before GC invocations=9 (full 0):
 garbage-first heap   total 51200K, used 30317K [0x00000000e0000000, 0x0000000100000000)
  region size 1024K, 14 young (14336K), 2 survivors (2048K)
 Metaspace       used 35472K, committed 35968K, reserved 1114112K
  class space    used 4616K, committed 4864K, reserved 1048576K
}
Event: 2.534 GC heap after
{Heap after GC invocations=10 (full 0):
 garbage-first heap   total 51200K, used 20314K [0x00000000e0000000, 0x0000000100000000)
  region size 1024K, 2 young (2048K), 2 survivors (2048K)
 Metaspace       used 35472K, committed 35968K, reserved 1114112K
  class space    used 4616K, committed 4864K, reserved 1048576K
}
Event: 2.689 GC heap before
{Heap before GC invocations=11 (full 0):
 garbage-first heap   total 51200K, used 37722K [0x00000000e0000000, 0x0000000100000000)
  region size 1024K, 19 young (19456K), 2 survivors (2048K)
 Metaspace       used 37846K, committed 38400K, reserved 1114112K
  class space    used 4935K, committed 5184K, reserved 1048576K
}
Event: 2.691 GC heap after
{Heap after GC invocations=12 (full 0):
 garbage-first heap   total 51200K, used 21283K [0x00000000e0000000, 0x0000000100000000)
  region size 1024K, 3 young (3072K), 3 survivors (3072K)
 Metaspace       used 37846K, committed 38400K, reserved 1114112K
  class space    used 4935K, committed 5184K, reserved 1048576K
}
Event: 2.700 GC heap before
{Heap before GC invocations=12 (full 0):
 garbage-first heap   total 51200K, used 22307K [0x00000000e0000000, 0x0000000100000000)
  region size 1024K, 4 young (4096K), 3 survivors (3072K)
 Metaspace       used 37963K, committed 38592K, reserved 1114112K
  class space    used 4957K, committed 5248K, reserved 1048576K
}
Event: 2.702 GC heap after
{Heap after GC invocations=13 (full 0):
 garbage-first heap   total 51200K, used 20912K [0x00000000e0000000, 0x0000000100000000)
  region size 1024K, 1 young (1024K), 1 survivors (1024K)
 Metaspace       used 37963K, committed 38592K, reserved 1114112K
  class space    used 4957K, committed 5248K, reserved 1048576K
}
Event: 2.891 GC heap before
{Heap before GC invocations=13 (full 0):
 garbage-first heap   total 51200K, used 38320K [0x00000000e0000000, 0x0000000100000000)
  region size 1024K, 18 young (18432K), 1 survivors (1024K)
 Metaspace       used 40465K, committed 41088K, reserved 1114112K
  class space    used 5339K, committed 5632K, reserved 1048576K
}
Event: 2.892 GC heap after
{Heap after GC invocations=14 (full 0):
 garbage-first heap   total 51200K, used 22161K [0x00000000e0000000, 0x0000000100000000)
  region size 1024K, 2 young (2048K), 2 survivors (2048K)
 Metaspace       used 40465K, committed 41088K, reserved 1114112K
  class space    used 5339K, committed 5632K, reserved 1048576K
}
Event: 3.057 GC heap before
{Heap before GC invocations=14 (full 0):
 garbage-first heap   total 51200K, used 39569K [0x00000000e0000000, 0x0000000100000000)
  region size 1024K, 19 young (19456K), 2 survivors (2048K)
 Metaspace       used 43587K, committed 44224K, reserved 1114112K
  class space    used 5841K, committed 6144K, reserved 1048576K
}
Event: 3.059 GC heap after
{Heap after GC invocations=15 (full 0):
 garbage-first heap   total 51200K, used 23987K [0x00000000e0000000, 0x0000000100000000)
  region size 1024K, 3 young (3072K), 3 survivors (3072K)
 Metaspace       used 43587K, committed 44224K, reserved 1114112K
  class space    used 5841K, committed 6144K, reserved 1048576K
}
Event: 3.209 GC heap before
{Heap before GC invocations=15 (full 0):
 garbage-first heap   total 51200K, used 40371K [0x00000000e0000000, 0x0000000100000000)
  region size 1024K, 19 young (19456K), 3 survivors (3072K)
 Metaspace       used 45919K, committed 46592K, reserved 1114112K
  class space    used 6176K, committed 6464K, reserved 1048576K
}
Event: 3.212 GC heap after
{Heap after GC invocations=16 (full 0):
 garbage-first heap   total 51200K, used 25878K [0x00000000e0000000, 0x0000000100000000)
  region size 1024K, 2 young (2048K), 2 survivors (2048K)
 Metaspace       used 45919K, committed 46592K, reserved 1114112K
  class space    used 6176K, committed 6464K, reserved 1048576K
}
Event: 3.357 GC heap before
{Heap before GC invocations=16 (full 0):
 garbage-first heap   total 51200K, used 40214K [0x00000000e0000000, 0x0000000100000000)
  region size 1024K, 16 young (16384K), 2 survivors (2048K)
 Metaspace       used 47471K, committed 48128K, reserved 1114112K
  class space    used 6396K, committed 6720K, reserved 1048576K
}
Event: 3.359 GC heap after
{Heap after GC invocations=17 (full 0):
 garbage-first heap   total 51200K, used 27359K [0x00000000e0000000, 0x0000000100000000)
  region size 1024K, 2 young (2048K), 2 survivors (2048K)
 Metaspace       used 47471K, committed 48128K, reserved 1114112K
  class space    used 6396K, committed 6720K, reserved 1048576K
}
Event: 3.511 GC heap before
{Heap before GC invocations=18 (full 0):
 garbage-first heap   total 51200K, used 40671K [0x00000000e0000000, 0x0000000100000000)
  region size 1024K, 15 young (15360K), 2 survivors (2048K)
 Metaspace       used 48655K, committed 49408K, reserved 1114112K
  class space    used 6616K, committed 6976K, reserved 1048576K
}
Event: 3.513 GC heap after
{Heap after GC invocations=19 (full 0):
 garbage-first heap   total 51200K, used 28605K [0x00000000e0000000, 0x0000000100000000)
  region size 1024K, 2 young (2048K), 2 survivors (2048K)
 Metaspace       used 48655K, committed 49408K, reserved 1114112K
  class space    used 6616K, committed 6976K, reserved 1048576K
}
Event: 3.521 GC heap before
{Heap before GC invocations=19 (full 0):
 garbage-first heap   total 51200K, used 29629K [0x00000000e0000000, 0x0000000100000000)
  region size 1024K, 3 young (3072K), 2 survivors (2048K)
 Metaspace       used 49092K, committed 49792K, reserved 1114112K
  class space    used 6666K, committed 6976K, reserved 1048576K
}
Event: 3.523 GC heap after
{Heap after GC invocations=20 (full 0):
 garbage-first heap   total 51200K, used 28401K [0x00000000e0000000, 0x0000000100000000)
  region size 1024K, 1 young (1024K), 1 survivors (1024K)
 Metaspace       used 49092K, committed 49792K, reserved 1114112K
  class space    used 6666K, committed 6976K, reserved 1048576K
}

